[2023-01-23 12:54:59] production.ERROR: No application encryption key has been specified. {"exception":"[object] (Illuminate\\Encryption\\MissingAppKeyException(code: 0): No application encryption key has been specified. at /Users/aleksandarplamenac/Documents/WeAreAI/wetransfer_revised-files_2023-01-17_0818/APIs/vendor/laravel/framework/src/Illuminate/Encryption/EncryptionServiceProvider.php:101)
[stacktrace]
#0 /Users/aleksandarplamenac/Documents/WeAreAI/wetransfer_revised-files_2023-01-17_0818/APIs/vendor/laravel/framework/src/Illuminate/Support/helpers.php(263): Illuminate\\Encryption\\EncryptionServiceProvider->Illuminate\\Encryption\\{closure}(NULL)
#1 /Users/aleksandarplamenac/Documents/WeAreAI/wetransfer_revised-files_2023-01-17_0818/APIs/vendor/laravel/framework/src/Illuminate/Encryption/EncryptionServiceProvider.php(103): tap(NULL, Object(Closure))
#2 /Users/aleksandarplamenac/Documents/WeAreAI/wetransfer_revised-files_2023-01-17_0818/APIs/vendor/laravel/framework/src/Illuminate/Encryption/EncryptionServiceProvider.php(82): Illuminate\\Encryption\\EncryptionServiceProvider->key(Array)
#3 /Users/aleksandarplamenac/Documents/WeAreAI/wetransfer_revised-files_2023-01-17_0818/APIs/vendor/laravel/framework/src/Illuminate/Encryption/EncryptionServiceProvider.php(34): Illuminate\\Encryption\\EncryptionServiceProvider->parseKey(Array)
#4 /Users/aleksandarplamenac/Documents/WeAreAI/wetransfer_revised-files_2023-01-17_0818/APIs/vendor/laravel/framework/src/Illuminate/Container/Container.php(873): Illuminate\\Encryption\\EncryptionServiceProvider->Illuminate\\Encryption\\{closure}(Object(Illuminate\\Foundation\\Application), Array)
#5 /Users/aleksandarplamenac/Documents/WeAreAI/wetransfer_revised-files_2023-01-17_0818/APIs/vendor/laravel/framework/src/Illuminate/Container/Container.php(758): Illuminate\\Container\\Container->build(Object(Closure))
#6 /Users/aleksandarplamenac/Documents/WeAreAI/wetransfer_revised-files_2023-01-17_0818/APIs/vendor/laravel/framework/src/Illuminate/Foundation/Application.php(851): Illuminate\\Container\\Container->resolve('encrypter', Array, true)
#7 /Users/aleksandarplamenac/Documents/WeAreAI/wetransfer_revised-files_2023-01-17_0818/APIs/vendor/laravel/framework/src/Illuminate/Container/Container.php(694): Illuminate\\Foundation\\Application->resolve('encrypter', Array)
#8 /Users/aleksandarplamenac/Documents/WeAreAI/wetransfer_revised-files_2023-01-17_0818/APIs/vendor/laravel/framework/src/Illuminate/Foundation/Application.php(836): Illuminate\\Container\\Container->make('encrypter', Array)
#9 /Users/aleksandarplamenac/Documents/WeAreAI/wetransfer_revised-files_2023-01-17_0818/APIs/vendor/laravel/framework/src/Illuminate/Container/Container.php(1031): Illuminate\\Foundation\\Application->make('encrypter')
#10 /Users/aleksandarplamenac/Documents/WeAreAI/wetransfer_revised-files_2023-01-17_0818/APIs/vendor/laravel/framework/src/Illuminate/Container/Container.php(951): Illuminate\\Container\\Container->resolveClass(Object(ReflectionParameter))
#11 /Users/aleksandarplamenac/Documents/WeAreAI/wetransfer_revised-files_2023-01-17_0818/APIs/vendor/laravel/framework/src/Illuminate/Container/Container.php(912): Illuminate\\Container\\Container->resolveDependencies(Array)
#12 /Users/aleksandarplamenac/Documents/WeAreAI/wetransfer_revised-files_2023-01-17_0818/APIs/vendor/laravel/framework/src/Illuminate/Container/Container.php(758): Illuminate\\Container\\Container->build('App\\\\Http\\\\Middle...')
#13 /Users/aleksandarplamenac/Documents/WeAreAI/wetransfer_revised-files_2023-01-17_0818/APIs/vendor/laravel/framework/src/Illuminate/Foundation/Application.php(851): Illuminate\\Container\\Container->resolve('App\\\\Http\\\\Middle...', Array, true)
#14 /Users/aleksandarplamenac/Documents/WeAreAI/wetransfer_revised-files_2023-01-17_0818/APIs/vendor/laravel/framework/src/Illuminate/Container/Container.php(694): Illuminate\\Foundation\\Application->resolve('App\\\\Http\\\\Middle...', Array)
#15 /Users/aleksandarplamenac/Documents/WeAreAI/wetransfer_revised-files_2023-01-17_0818/APIs/vendor/laravel/framework/src/Illuminate/Foundation/Application.php(836): Illuminate\\Container\\Container->make('App\\\\Http\\\\Middle...', Array)
#16 /Users/aleksandarplamenac/Documents/WeAreAI/wetransfer_revised-files_2023-01-17_0818/APIs/vendor/laravel/framework/src/Illuminate/Pipeline/Pipeline.php(156): Illuminate\\Foundation\\Application->make('App\\\\Http\\\\Middle...')
#17 /Users/aleksandarplamenac/Documents/WeAreAI/wetransfer_revised-files_2023-01-17_0818/APIs/vendor/laravel/framework/src/Illuminate/Pipeline/Pipeline.php(103): Illuminate\\Pipeline\\Pipeline->Illuminate\\Pipeline\\{closure}(Object(Illuminate\\Http\\Request))
#18 /Users/aleksandarplamenac/Documents/WeAreAI/wetransfer_revised-files_2023-01-17_0818/APIs/vendor/laravel/framework/src/Illuminate/Routing/Router.php(697): Illuminate\\Pipeline\\Pipeline->then(Object(Closure))
#19 /Users/aleksandarplamenac/Documents/WeAreAI/wetransfer_revised-files_2023-01-17_0818/APIs/vendor/laravel/framework/src/Illuminate/Routing/Router.php(672): Illuminate\\Routing\\Router->runRouteWithinStack(Object(Illuminate\\Routing\\Route), Object(Illuminate\\Http\\Request))
#20 /Users/aleksandarplamenac/Documents/WeAreAI/wetransfer_revised-files_2023-01-17_0818/APIs/vendor/laravel/framework/src/Illuminate/Routing/Router.php(636): Illuminate\\Routing\\Router->runRoute(Object(Illuminate\\Http\\Request), Object(Illuminate\\Routing\\Route))
#21 /Users/aleksandarplamenac/Documents/WeAreAI/wetransfer_revised-files_2023-01-17_0818/APIs/vendor/laravel/framework/src/Illuminate/Routing/Router.php(625): Illuminate\\Routing\\Router->dispatchToRoute(Object(Illuminate\\Http\\Request))
#22 /Users/aleksandarplamenac/Documents/WeAreAI/wetransfer_revised-files_2023-01-17_0818/APIs/vendor/laravel/framework/src/Illuminate/Foundation/Http/Kernel.php(167): Illuminate\\Routing\\Router->dispatch(Object(Illuminate\\Http\\Request))
#23 /Users/aleksandarplamenac/Documents/WeAreAI/wetransfer_revised-files_2023-01-17_0818/APIs/vendor/laravel/framework/src/Illuminate/Pipeline/Pipeline.php(128): Illuminate\\Foundation\\Http\\Kernel->Illuminate\\Foundation\\Http\\{closure}(Object(Illuminate\\Http\\Request))
#24 /Users/aleksandarplamenac/Documents/WeAreAI/wetransfer_revised-files_2023-01-17_0818/APIs/vendor/laravel/framework/src/Illuminate/Foundation/Http/Middleware/TransformsRequest.php(21): Illuminate\\Pipeline\\Pipeline->Illuminate\\Pipeline\\{closure}(Object(Illuminate\\Http\\Request))
#25 /Users/aleksandarplamenac/Documents/WeAreAI/wetransfer_revised-files_2023-01-17_0818/APIs/vendor/laravel/framework/src/Illuminate/Foundation/Http/Middleware/ConvertEmptyStringsToNull.php(31): Illuminate\\Foundation\\Http\\Middleware\\TransformsRequest->handle(Object(Illuminate\\Http\\Request), Object(Closure))
#26 /Users/aleksandarplamenac/Documents/WeAreAI/wetransfer_revised-files_2023-01-17_0818/APIs/vendor/laravel/framework/src/Illuminate/Pipeline/Pipeline.php(167): Illuminate\\Foundation\\Http\\Middleware\\ConvertEmptyStringsToNull->handle(Object(Illuminate\\Http\\Request), Object(Closure))
#27 /Users/aleksandarplamenac/Documents/WeAreAI/wetransfer_revised-files_2023-01-17_0818/APIs/vendor/laravel/framework/src/Illuminate/Foundation/Http/Middleware/TransformsRequest.php(21): Illuminate\\Pipeline\\Pipeline->Illuminate\\Pipeline\\{closure}(Object(Illuminate\\Http\\Request))
#28 /Users/aleksandarplamenac/Documents/WeAreAI/wetransfer_revised-files_2023-01-17_0818/APIs/vendor/laravel/framework/src/Illuminate/Foundation/Http/Middleware/TrimStrings.php(40): Illuminate\\Foundation\\Http\\Middleware\\TransformsRequest->handle(Object(Illuminate\\Http\\Request), Object(Closure))
#29 /Users/aleksandarplamenac/Documents/WeAreAI/wetransfer_revised-files_2023-01-17_0818/APIs/vendor/laravel/framework/src/Illuminate/Pipeline/Pipeline.php(167): Illuminate\\Foundation\\Http\\Middleware\\TrimStrings->handle(Object(Illuminate\\Http\\Request), Object(Closure))
#30 /Users/aleksandarplamenac/Documents/WeAreAI/wetransfer_revised-files_2023-01-17_0818/APIs/vendor/laravel/framework/src/Illuminate/Foundation/Http/Middleware/ValidatePostSize.php(27): Illuminate\\Pipeline\\Pipeline->Illuminate\\Pipeline\\{closure}(Object(Illuminate\\Http\\Request))
#31 /Users/aleksandarplamenac/Documents/WeAreAI/wetransfer_revised-files_2023-01-17_0818/APIs/vendor/laravel/framework/src/Illuminate/Pipeline/Pipeline.php(167): Illuminate\\Foundation\\Http\\Middleware\\ValidatePostSize->handle(Object(Illuminate\\Http\\Request), Object(Closure))
#32 /Users/aleksandarplamenac/Documents/WeAreAI/wetransfer_revised-files_2023-01-17_0818/APIs/vendor/laravel/framework/src/Illuminate/Foundation/Http/Middleware/PreventRequestsDuringMaintenance.php(86): Illuminate\\Pipeline\\Pipeline->Illuminate\\Pipeline\\{closure}(Object(Illuminate\\Http\\Request))
#33 /Users/aleksandarplamenac/Documents/WeAreAI/wetransfer_revised-files_2023-01-17_0818/APIs/vendor/laravel/framework/src/Illuminate/Pipeline/Pipeline.php(167): Illuminate\\Foundation\\Http\\Middleware\\PreventRequestsDuringMaintenance->handle(Object(Illuminate\\Http\\Request), Object(Closure))
#34 /Users/aleksandarplamenac/Documents/WeAreAI/wetransfer_revised-files_2023-01-17_0818/APIs/vendor/fruitcake/laravel-cors/src/HandleCors.php(38): Illuminate\\Pipeline\\Pipeline->Illuminate\\Pipeline\\{closure}(Object(Illuminate\\Http\\Request))
#35 /Users/aleksandarplamenac/Documents/WeAreAI/wetransfer_revised-files_2023-01-17_0818/APIs/vendor/laravel/framework/src/Illuminate/Pipeline/Pipeline.php(167): Fruitcake\\Cors\\HandleCors->handle(Object(Illuminate\\Http\\Request), Object(Closure))
#36 /Users/aleksandarplamenac/Documents/WeAreAI/wetransfer_revised-files_2023-01-17_0818/APIs/vendor/laravel/framework/src/Illuminate/Http/Middleware/TrustProxies.php(39): Illuminate\\Pipeline\\Pipeline->Illuminate\\Pipeline\\{closure}(Object(Illuminate\\Http\\Request))
#37 /Users/aleksandarplamenac/Documents/WeAreAI/wetransfer_revised-files_2023-01-17_0818/APIs/vendor/laravel/framework/src/Illuminate/Pipeline/Pipeline.php(167): Illuminate\\Http\\Middleware\\TrustProxies->handle(Object(Illuminate\\Http\\Request), Object(Closure))
#38 /Users/aleksandarplamenac/Documents/WeAreAI/wetransfer_revised-files_2023-01-17_0818/APIs/vendor/laravel/framework/src/Illuminate/Pipeline/Pipeline.php(103): Illuminate\\Pipeline\\Pipeline->Illuminate\\Pipeline\\{closure}(Object(Illuminate\\Http\\Request))
#39 /Users/aleksandarplamenac/Documents/WeAreAI/wetransfer_revised-files_2023-01-17_0818/APIs/vendor/laravel/framework/src/Illuminate/Foundation/Http/Kernel.php(142): Illuminate\\Pipeline\\Pipeline->then(Object(Closure))
#40 /Users/aleksandarplamenac/Documents/WeAreAI/wetransfer_revised-files_2023-01-17_0818/APIs/vendor/laravel/framework/src/Illuminate/Foundation/Http/Kernel.php(111): Illuminate\\Foundation\\Http\\Kernel->sendRequestThroughRouter(Object(Illuminate\\Http\\Request))
#41 /Users/aleksandarplamenac/Documents/WeAreAI/wetransfer_revised-files_2023-01-17_0818/APIs/public/index.php(52): Illuminate\\Foundation\\Http\\Kernel->handle(Object(Illuminate\\Http\\Request))
#42 /Users/aleksandarplamenac/Documents/WeAreAI/wetransfer_revised-files_2023-01-17_0818/APIs/server.php(21): require_once('/Users/aleksand...')
#43 {main}
"} 
[2023-01-23 12:54:59] production.ERROR: No application encryption key has been specified. {"exception":"[object] (Illuminate\\Encryption\\MissingAppKeyException(code: 0): No application encryption key has been specified. at /Users/aleksandarplamenac/Documents/WeAreAI/wetransfer_revised-files_2023-01-17_0818/APIs/vendor/laravel/framework/src/Illuminate/Encryption/EncryptionServiceProvider.php:101)
[stacktrace]
#0 /Users/aleksandarplamenac/Documents/WeAreAI/wetransfer_revised-files_2023-01-17_0818/APIs/vendor/laravel/framework/src/Illuminate/Support/helpers.php(263): Illuminate\\Encryption\\EncryptionServiceProvider->Illuminate\\Encryption\\{closure}(NULL)
#1 /Users/aleksandarplamenac/Documents/WeAreAI/wetransfer_revised-files_2023-01-17_0818/APIs/vendor/laravel/framework/src/Illuminate/Encryption/EncryptionServiceProvider.php(103): tap(NULL, Object(Closure))
#2 /Users/aleksandarplamenac/Documents/WeAreAI/wetransfer_revised-files_2023-01-17_0818/APIs/vendor/laravel/framework/src/Illuminate/Encryption/EncryptionServiceProvider.php(82): Illuminate\\Encryption\\EncryptionServiceProvider->key(Array)
#3 /Users/aleksandarplamenac/Documents/WeAreAI/wetransfer_revised-files_2023-01-17_0818/APIs/vendor/laravel/framework/src/Illuminate/Encryption/EncryptionServiceProvider.php(34): Illuminate\\Encryption\\EncryptionServiceProvider->parseKey(Array)
#4 /Users/aleksandarplamenac/Documents/WeAreAI/wetransfer_revised-files_2023-01-17_0818/APIs/vendor/laravel/framework/src/Illuminate/Container/Container.php(873): Illuminate\\Encryption\\EncryptionServiceProvider->Illuminate\\Encryption\\{closure}(Object(Illuminate\\Foundation\\Application), Array)
#5 /Users/aleksandarplamenac/Documents/WeAreAI/wetransfer_revised-files_2023-01-17_0818/APIs/vendor/laravel/framework/src/Illuminate/Container/Container.php(758): Illuminate\\Container\\Container->build(Object(Closure))
#6 /Users/aleksandarplamenac/Documents/WeAreAI/wetransfer_revised-files_2023-01-17_0818/APIs/vendor/laravel/framework/src/Illuminate/Foundation/Application.php(851): Illuminate\\Container\\Container->resolve('encrypter', Array, true)
#7 /Users/aleksandarplamenac/Documents/WeAreAI/wetransfer_revised-files_2023-01-17_0818/APIs/vendor/laravel/framework/src/Illuminate/Container/Container.php(694): Illuminate\\Foundation\\Application->resolve('encrypter', Array)
#8 /Users/aleksandarplamenac/Documents/WeAreAI/wetransfer_revised-files_2023-01-17_0818/APIs/vendor/laravel/framework/src/Illuminate/Foundation/Application.php(836): Illuminate\\Container\\Container->make('encrypter', Array)
#9 /Users/aleksandarplamenac/Documents/WeAreAI/wetransfer_revised-files_2023-01-17_0818/APIs/vendor/laravel/framework/src/Illuminate/Container/Container.php(1031): Illuminate\\Foundation\\Application->make('encrypter')
#10 /Users/aleksandarplamenac/Documents/WeAreAI/wetransfer_revised-files_2023-01-17_0818/APIs/vendor/laravel/framework/src/Illuminate/Container/Container.php(951): Illuminate\\Container\\Container->resolveClass(Object(ReflectionParameter))
#11 /Users/aleksandarplamenac/Documents/WeAreAI/wetransfer_revised-files_2023-01-17_0818/APIs/vendor/laravel/framework/src/Illuminate/Container/Container.php(912): Illuminate\\Container\\Container->resolveDependencies(Array)
#12 /Users/aleksandarplamenac/Documents/WeAreAI/wetransfer_revised-files_2023-01-17_0818/APIs/vendor/laravel/framework/src/Illuminate/Container/Container.php(758): Illuminate\\Container\\Container->build('App\\\\Http\\\\Middle...')
#13 /Users/aleksandarplamenac/Documents/WeAreAI/wetransfer_revised-files_2023-01-17_0818/APIs/vendor/laravel/framework/src/Illuminate/Foundation/Application.php(851): Illuminate\\Container\\Container->resolve('App\\\\Http\\\\Middle...', Array, true)
#14 /Users/aleksandarplamenac/Documents/WeAreAI/wetransfer_revised-files_2023-01-17_0818/APIs/vendor/laravel/framework/src/Illuminate/Container/Container.php(694): Illuminate\\Foundation\\Application->resolve('App\\\\Http\\\\Middle...', Array)
#15 /Users/aleksandarplamenac/Documents/WeAreAI/wetransfer_revised-files_2023-01-17_0818/APIs/vendor/laravel/framework/src/Illuminate/Foundation/Application.php(836): Illuminate\\Container\\Container->make('App\\\\Http\\\\Middle...', Array)
#16 /Users/aleksandarplamenac/Documents/WeAreAI/wetransfer_revised-files_2023-01-17_0818/APIs/vendor/laravel/framework/src/Illuminate/Foundation/Http/Kernel.php(206): Illuminate\\Foundation\\Application->make('App\\\\Http\\\\Middle...')
#17 /Users/aleksandarplamenac/Documents/WeAreAI/wetransfer_revised-files_2023-01-17_0818/APIs/vendor/laravel/framework/src/Illuminate/Foundation/Http/Kernel.php(180): Illuminate\\Foundation\\Http\\Kernel->terminateMiddleware(Object(Illuminate\\Http\\Request), Object(Illuminate\\Http\\Response))
#18 /Users/aleksandarplamenac/Documents/WeAreAI/wetransfer_revised-files_2023-01-17_0818/APIs/public/index.php(55): Illuminate\\Foundation\\Http\\Kernel->terminate(Object(Illuminate\\Http\\Request), Object(Illuminate\\Http\\Response))
#19 /Users/aleksandarplamenac/Documents/WeAreAI/wetransfer_revised-files_2023-01-17_0818/APIs/server.php(21): require_once('/Users/aleksand...')
#20 {main}
"} 
[2023-01-23 12:55:10] production.ERROR: No application encryption key has been specified. {"exception":"[object] (Illuminate\\Encryption\\MissingAppKeyException(code: 0): No application encryption key has been specified. at /Users/aleksandarplamenac/Documents/WeAreAI/wetransfer_revised-files_2023-01-17_0818/APIs/vendor/laravel/framework/src/Illuminate/Encryption/EncryptionServiceProvider.php:101)
[stacktrace]
#0 /Users/aleksandarplamenac/Documents/WeAreAI/wetransfer_revised-files_2023-01-17_0818/APIs/vendor/laravel/framework/src/Illuminate/Support/helpers.php(263): Illuminate\\Encryption\\EncryptionServiceProvider->Illuminate\\Encryption\\{closure}(NULL)
#1 /Users/aleksandarplamenac/Documents/WeAreAI/wetransfer_revised-files_2023-01-17_0818/APIs/vendor/laravel/framework/src/Illuminate/Encryption/EncryptionServiceProvider.php(103): tap(NULL, Object(Closure))
#2 /Users/aleksandarplamenac/Documents/WeAreAI/wetransfer_revised-files_2023-01-17_0818/APIs/vendor/laravel/framework/src/Illuminate/Encryption/EncryptionServiceProvider.php(82): Illuminate\\Encryption\\EncryptionServiceProvider->key(Array)
#3 /Users/aleksandarplamenac/Documents/WeAreAI/wetransfer_revised-files_2023-01-17_0818/APIs/vendor/laravel/framework/src/Illuminate/Encryption/EncryptionServiceProvider.php(34): Illuminate\\Encryption\\EncryptionServiceProvider->parseKey(Array)
#4 /Users/aleksandarplamenac/Documents/WeAreAI/wetransfer_revised-files_2023-01-17_0818/APIs/vendor/laravel/framework/src/Illuminate/Container/Container.php(873): Illuminate\\Encryption\\EncryptionServiceProvider->Illuminate\\Encryption\\{closure}(Object(Illuminate\\Foundation\\Application), Array)
#5 /Users/aleksandarplamenac/Documents/WeAreAI/wetransfer_revised-files_2023-01-17_0818/APIs/vendor/laravel/framework/src/Illuminate/Container/Container.php(758): Illuminate\\Container\\Container->build(Object(Closure))
#6 /Users/aleksandarplamenac/Documents/WeAreAI/wetransfer_revised-files_2023-01-17_0818/APIs/vendor/laravel/framework/src/Illuminate/Foundation/Application.php(851): Illuminate\\Container\\Container->resolve('encrypter', Array, true)
#7 /Users/aleksandarplamenac/Documents/WeAreAI/wetransfer_revised-files_2023-01-17_0818/APIs/vendor/laravel/framework/src/Illuminate/Container/Container.php(694): Illuminate\\Foundation\\Application->resolve('encrypter', Array)
#8 /Users/aleksandarplamenac/Documents/WeAreAI/wetransfer_revised-files_2023-01-17_0818/APIs/vendor/laravel/framework/src/Illuminate/Foundation/Application.php(836): Illuminate\\Container\\Container->make('encrypter', Array)
#9 /Users/aleksandarplamenac/Documents/WeAreAI/wetransfer_revised-files_2023-01-17_0818/APIs/vendor/laravel/framework/src/Illuminate/Container/Container.php(1031): Illuminate\\Foundation\\Application->make('encrypter')
#10 /Users/aleksandarplamenac/Documents/WeAreAI/wetransfer_revised-files_2023-01-17_0818/APIs/vendor/laravel/framework/src/Illuminate/Container/Container.php(951): Illuminate\\Container\\Container->resolveClass(Object(ReflectionParameter))
#11 /Users/aleksandarplamenac/Documents/WeAreAI/wetransfer_revised-files_2023-01-17_0818/APIs/vendor/laravel/framework/src/Illuminate/Container/Container.php(912): Illuminate\\Container\\Container->resolveDependencies(Array)
#12 /Users/aleksandarplamenac/Documents/WeAreAI/wetransfer_revised-files_2023-01-17_0818/APIs/vendor/laravel/framework/src/Illuminate/Container/Container.php(758): Illuminate\\Container\\Container->build('App\\\\Http\\\\Middle...')
#13 /Users/aleksandarplamenac/Documents/WeAreAI/wetransfer_revised-files_2023-01-17_0818/APIs/vendor/laravel/framework/src/Illuminate/Foundation/Application.php(851): Illuminate\\Container\\Container->resolve('App\\\\Http\\\\Middle...', Array, true)
#14 /Users/aleksandarplamenac/Documents/WeAreAI/wetransfer_revised-files_2023-01-17_0818/APIs/vendor/laravel/framework/src/Illuminate/Container/Container.php(694): Illuminate\\Foundation\\Application->resolve('App\\\\Http\\\\Middle...', Array)
#15 /Users/aleksandarplamenac/Documents/WeAreAI/wetransfer_revised-files_2023-01-17_0818/APIs/vendor/laravel/framework/src/Illuminate/Foundation/Application.php(836): Illuminate\\Container\\Container->make('App\\\\Http\\\\Middle...', Array)
#16 /Users/aleksandarplamenac/Documents/WeAreAI/wetransfer_revised-files_2023-01-17_0818/APIs/vendor/laravel/framework/src/Illuminate/Pipeline/Pipeline.php(156): Illuminate\\Foundation\\Application->make('App\\\\Http\\\\Middle...')
#17 /Users/aleksandarplamenac/Documents/WeAreAI/wetransfer_revised-files_2023-01-17_0818/APIs/vendor/laravel/framework/src/Illuminate/Pipeline/Pipeline.php(103): Illuminate\\Pipeline\\Pipeline->Illuminate\\Pipeline\\{closure}(Object(Illuminate\\Http\\Request))
#18 /Users/aleksandarplamenac/Documents/WeAreAI/wetransfer_revised-files_2023-01-17_0818/APIs/vendor/laravel/framework/src/Illuminate/Routing/Router.php(697): Illuminate\\Pipeline\\Pipeline->then(Object(Closure))
#19 /Users/aleksandarplamenac/Documents/WeAreAI/wetransfer_revised-files_2023-01-17_0818/APIs/vendor/laravel/framework/src/Illuminate/Routing/Router.php(672): Illuminate\\Routing\\Router->runRouteWithinStack(Object(Illuminate\\Routing\\Route), Object(Illuminate\\Http\\Request))
#20 /Users/aleksandarplamenac/Documents/WeAreAI/wetransfer_revised-files_2023-01-17_0818/APIs/vendor/laravel/framework/src/Illuminate/Routing/Router.php(636): Illuminate\\Routing\\Router->runRoute(Object(Illuminate\\Http\\Request), Object(Illuminate\\Routing\\Route))
#21 /Users/aleksandarplamenac/Documents/WeAreAI/wetransfer_revised-files_2023-01-17_0818/APIs/vendor/laravel/framework/src/Illuminate/Routing/Router.php(625): Illuminate\\Routing\\Router->dispatchToRoute(Object(Illuminate\\Http\\Request))
#22 /Users/aleksandarplamenac/Documents/WeAreAI/wetransfer_revised-files_2023-01-17_0818/APIs/vendor/laravel/framework/src/Illuminate/Foundation/Http/Kernel.php(167): Illuminate\\Routing\\Router->dispatch(Object(Illuminate\\Http\\Request))
#23 /Users/aleksandarplamenac/Documents/WeAreAI/wetransfer_revised-files_2023-01-17_0818/APIs/vendor/laravel/framework/src/Illuminate/Pipeline/Pipeline.php(128): Illuminate\\Foundation\\Http\\Kernel->Illuminate\\Foundation\\Http\\{closure}(Object(Illuminate\\Http\\Request))
#24 /Users/aleksandarplamenac/Documents/WeAreAI/wetransfer_revised-files_2023-01-17_0818/APIs/vendor/laravel/framework/src/Illuminate/Foundation/Http/Middleware/TransformsRequest.php(21): Illuminate\\Pipeline\\Pipeline->Illuminate\\Pipeline\\{closure}(Object(Illuminate\\Http\\Request))
#25 /Users/aleksandarplamenac/Documents/WeAreAI/wetransfer_revised-files_2023-01-17_0818/APIs/vendor/laravel/framework/src/Illuminate/Foundation/Http/Middleware/ConvertEmptyStringsToNull.php(31): Illuminate\\Foundation\\Http\\Middleware\\TransformsRequest->handle(Object(Illuminate\\Http\\Request), Object(Closure))
#26 /Users/aleksandarplamenac/Documents/WeAreAI/wetransfer_revised-files_2023-01-17_0818/APIs/vendor/laravel/framework/src/Illuminate/Pipeline/Pipeline.php(167): Illuminate\\Foundation\\Http\\Middleware\\ConvertEmptyStringsToNull->handle(Object(Illuminate\\Http\\Request), Object(Closure))
#27 /Users/aleksandarplamenac/Documents/WeAreAI/wetransfer_revised-files_2023-01-17_0818/APIs/vendor/laravel/framework/src/Illuminate/Foundation/Http/Middleware/TransformsRequest.php(21): Illuminate\\Pipeline\\Pipeline->Illuminate\\Pipeline\\{closure}(Object(Illuminate\\Http\\Request))
#28 /Users/aleksandarplamenac/Documents/WeAreAI/wetransfer_revised-files_2023-01-17_0818/APIs/vendor/laravel/framework/src/Illuminate/Foundation/Http/Middleware/TrimStrings.php(40): Illuminate\\Foundation\\Http\\Middleware\\TransformsRequest->handle(Object(Illuminate\\Http\\Request), Object(Closure))
#29 /Users/aleksandarplamenac/Documents/WeAreAI/wetransfer_revised-files_2023-01-17_0818/APIs/vendor/laravel/framework/src/Illuminate/Pipeline/Pipeline.php(167): Illuminate\\Foundation\\Http\\Middleware\\TrimStrings->handle(Object(Illuminate\\Http\\Request), Object(Closure))
#30 /Users/aleksandarplamenac/Documents/WeAreAI/wetransfer_revised-files_2023-01-17_0818/APIs/vendor/laravel/framework/src/Illuminate/Foundation/Http/Middleware/ValidatePostSize.php(27): Illuminate\\Pipeline\\Pipeline->Illuminate\\Pipeline\\{closure}(Object(Illuminate\\Http\\Request))
#31 /Users/aleksandarplamenac/Documents/WeAreAI/wetransfer_revised-files_2023-01-17_0818/APIs/vendor/laravel/framework/src/Illuminate/Pipeline/Pipeline.php(167): Illuminate\\Foundation\\Http\\Middleware\\ValidatePostSize->handle(Object(Illuminate\\Http\\Request), Object(Closure))
#32 /Users/aleksandarplamenac/Documents/WeAreAI/wetransfer_revised-files_2023-01-17_0818/APIs/vendor/laravel/framework/src/Illuminate/Foundation/Http/Middleware/PreventRequestsDuringMaintenance.php(86): Illuminate\\Pipeline\\Pipeline->Illuminate\\Pipeline\\{closure}(Object(Illuminate\\Http\\Request))
#33 /Users/aleksandarplamenac/Documents/WeAreAI/wetransfer_revised-files_2023-01-17_0818/APIs/vendor/laravel/framework/src/Illuminate/Pipeline/Pipeline.php(167): Illuminate\\Foundation\\Http\\Middleware\\PreventRequestsDuringMaintenance->handle(Object(Illuminate\\Http\\Request), Object(Closure))
#34 /Users/aleksandarplamenac/Documents/WeAreAI/wetransfer_revised-files_2023-01-17_0818/APIs/vendor/fruitcake/laravel-cors/src/HandleCors.php(38): Illuminate\\Pipeline\\Pipeline->Illuminate\\Pipeline\\{closure}(Object(Illuminate\\Http\\Request))
#35 /Users/aleksandarplamenac/Documents/WeAreAI/wetransfer_revised-files_2023-01-17_0818/APIs/vendor/laravel/framework/src/Illuminate/Pipeline/Pipeline.php(167): Fruitcake\\Cors\\HandleCors->handle(Object(Illuminate\\Http\\Request), Object(Closure))
#36 /Users/aleksandarplamenac/Documents/WeAreAI/wetransfer_revised-files_2023-01-17_0818/APIs/vendor/laravel/framework/src/Illuminate/Http/Middleware/TrustProxies.php(39): Illuminate\\Pipeline\\Pipeline->Illuminate\\Pipeline\\{closure}(Object(Illuminate\\Http\\Request))
#37 /Users/aleksandarplamenac/Documents/WeAreAI/wetransfer_revised-files_2023-01-17_0818/APIs/vendor/laravel/framework/src/Illuminate/Pipeline/Pipeline.php(167): Illuminate\\Http\\Middleware\\TrustProxies->handle(Object(Illuminate\\Http\\Request), Object(Closure))
#38 /Users/aleksandarplamenac/Documents/WeAreAI/wetransfer_revised-files_2023-01-17_0818/APIs/vendor/laravel/framework/src/Illuminate/Pipeline/Pipeline.php(103): Illuminate\\Pipeline\\Pipeline->Illuminate\\Pipeline\\{closure}(Object(Illuminate\\Http\\Request))
#39 /Users/aleksandarplamenac/Documents/WeAreAI/wetransfer_revised-files_2023-01-17_0818/APIs/vendor/laravel/framework/src/Illuminate/Foundation/Http/Kernel.php(142): Illuminate\\Pipeline\\Pipeline->then(Object(Closure))
#40 /Users/aleksandarplamenac/Documents/WeAreAI/wetransfer_revised-files_2023-01-17_0818/APIs/vendor/laravel/framework/src/Illuminate/Foundation/Http/Kernel.php(111): Illuminate\\Foundation\\Http\\Kernel->sendRequestThroughRouter(Object(Illuminate\\Http\\Request))
#41 /Users/aleksandarplamenac/Documents/WeAreAI/wetransfer_revised-files_2023-01-17_0818/APIs/public/index.php(52): Illuminate\\Foundation\\Http\\Kernel->handle(Object(Illuminate\\Http\\Request))
#42 /Users/aleksandarplamenac/Documents/WeAreAI/wetransfer_revised-files_2023-01-17_0818/APIs/server.php(21): require_once('/Users/aleksand...')
#43 {main}
"} 
[2023-01-23 12:55:10] production.ERROR: No application encryption key has been specified. {"exception":"[object] (Illuminate\\Encryption\\MissingAppKeyException(code: 0): No application encryption key has been specified. at /Users/aleksandarplamenac/Documents/WeAreAI/wetransfer_revised-files_2023-01-17_0818/APIs/vendor/laravel/framework/src/Illuminate/Encryption/EncryptionServiceProvider.php:101)
[stacktrace]
#0 /Users/aleksandarplamenac/Documents/WeAreAI/wetransfer_revised-files_2023-01-17_0818/APIs/vendor/laravel/framework/src/Illuminate/Support/helpers.php(263): Illuminate\\Encryption\\EncryptionServiceProvider->Illuminate\\Encryption\\{closure}(NULL)
#1 /Users/aleksandarplamenac/Documents/WeAreAI/wetransfer_revised-files_2023-01-17_0818/APIs/vendor/laravel/framework/src/Illuminate/Encryption/EncryptionServiceProvider.php(103): tap(NULL, Object(Closure))
#2 /Users/aleksandarplamenac/Documents/WeAreAI/wetransfer_revised-files_2023-01-17_0818/APIs/vendor/laravel/framework/src/Illuminate/Encryption/EncryptionServiceProvider.php(82): Illuminate\\Encryption\\EncryptionServiceProvider->key(Array)
#3 /Users/aleksandarplamenac/Documents/WeAreAI/wetransfer_revised-files_2023-01-17_0818/APIs/vendor/laravel/framework/src/Illuminate/Encryption/EncryptionServiceProvider.php(34): Illuminate\\Encryption\\EncryptionServiceProvider->parseKey(Array)
#4 /Users/aleksandarplamenac/Documents/WeAreAI/wetransfer_revised-files_2023-01-17_0818/APIs/vendor/laravel/framework/src/Illuminate/Container/Container.php(873): Illuminate\\Encryption\\EncryptionServiceProvider->Illuminate\\Encryption\\{closure}(Object(Illuminate\\Foundation\\Application), Array)
#5 /Users/aleksandarplamenac/Documents/WeAreAI/wetransfer_revised-files_2023-01-17_0818/APIs/vendor/laravel/framework/src/Illuminate/Container/Container.php(758): Illuminate\\Container\\Container->build(Object(Closure))
#6 /Users/aleksandarplamenac/Documents/WeAreAI/wetransfer_revised-files_2023-01-17_0818/APIs/vendor/laravel/framework/src/Illuminate/Foundation/Application.php(851): Illuminate\\Container\\Container->resolve('encrypter', Array, true)
#7 /Users/aleksandarplamenac/Documents/WeAreAI/wetransfer_revised-files_2023-01-17_0818/APIs/vendor/laravel/framework/src/Illuminate/Container/Container.php(694): Illuminate\\Foundation\\Application->resolve('encrypter', Array)
#8 /Users/aleksandarplamenac/Documents/WeAreAI/wetransfer_revised-files_2023-01-17_0818/APIs/vendor/laravel/framework/src/Illuminate/Foundation/Application.php(836): Illuminate\\Container\\Container->make('encrypter', Array)
#9 /Users/aleksandarplamenac/Documents/WeAreAI/wetransfer_revised-files_2023-01-17_0818/APIs/vendor/laravel/framework/src/Illuminate/Container/Container.php(1031): Illuminate\\Foundation\\Application->make('encrypter')
#10 /Users/aleksandarplamenac/Documents/WeAreAI/wetransfer_revised-files_2023-01-17_0818/APIs/vendor/laravel/framework/src/Illuminate/Container/Container.php(951): Illuminate\\Container\\Container->resolveClass(Object(ReflectionParameter))
#11 /Users/aleksandarplamenac/Documents/WeAreAI/wetransfer_revised-files_2023-01-17_0818/APIs/vendor/laravel/framework/src/Illuminate/Container/Container.php(912): Illuminate\\Container\\Container->resolveDependencies(Array)
#12 /Users/aleksandarplamenac/Documents/WeAreAI/wetransfer_revised-files_2023-01-17_0818/APIs/vendor/laravel/framework/src/Illuminate/Container/Container.php(758): Illuminate\\Container\\Container->build('App\\\\Http\\\\Middle...')
#13 /Users/aleksandarplamenac/Documents/WeAreAI/wetransfer_revised-files_2023-01-17_0818/APIs/vendor/laravel/framework/src/Illuminate/Foundation/Application.php(851): Illuminate\\Container\\Container->resolve('App\\\\Http\\\\Middle...', Array, true)
#14 /Users/aleksandarplamenac/Documents/WeAreAI/wetransfer_revised-files_2023-01-17_0818/APIs/vendor/laravel/framework/src/Illuminate/Container/Container.php(694): Illuminate\\Foundation\\Application->resolve('App\\\\Http\\\\Middle...', Array)
#15 /Users/aleksandarplamenac/Documents/WeAreAI/wetransfer_revised-files_2023-01-17_0818/APIs/vendor/laravel/framework/src/Illuminate/Foundation/Application.php(836): Illuminate\\Container\\Container->make('App\\\\Http\\\\Middle...', Array)
#16 /Users/aleksandarplamenac/Documents/WeAreAI/wetransfer_revised-files_2023-01-17_0818/APIs/vendor/laravel/framework/src/Illuminate/Foundation/Http/Kernel.php(206): Illuminate\\Foundation\\Application->make('App\\\\Http\\\\Middle...')
#17 /Users/aleksandarplamenac/Documents/WeAreAI/wetransfer_revised-files_2023-01-17_0818/APIs/vendor/laravel/framework/src/Illuminate/Foundation/Http/Kernel.php(180): Illuminate\\Foundation\\Http\\Kernel->terminateMiddleware(Object(Illuminate\\Http\\Request), Object(Illuminate\\Http\\Response))
#18 /Users/aleksandarplamenac/Documents/WeAreAI/wetransfer_revised-files_2023-01-17_0818/APIs/public/index.php(55): Illuminate\\Foundation\\Http\\Kernel->terminate(Object(Illuminate\\Http\\Request), Object(Illuminate\\Http\\Response))
#19 /Users/aleksandarplamenac/Documents/WeAreAI/wetransfer_revised-files_2023-01-17_0818/APIs/server.php(21): require_once('/Users/aleksand...')
#20 {main}
"} 
